<?xml version="1.0" encoding="UTF-8"?>
<testsuite xmlns:xsi="http://www.w3.org/2001/XMLSchema-instance" xsi:noNamespaceSchemaLocation="https://maven.apache.org/surefire/maven-surefire-plugin/xsd/surefire-test-report.xsd" version="3.0.2" name="com.feira.conecta.service.UsuarioServiceTest" time="0.015" tests="11" errors="0" skipped="0" failures="0" flakes="0">
  <properties>
[...]
</properties>
  <testcase name="deveRetornarListaVaziaQuandoNaoHouverUsuarios" classname="com.feira.conecta.service.UsuarioServiceTest" time="0.002"/>
  <testcase name="deveCriarUsuarioComSucesso" classname="com.feira.conecta.service.UsuarioServiceTest" time="0.001"/>
  <testcase name="deveAtualizarUsuarioComSucesso" classname="com.feira.conecta.service.UsuarioServiceTest" time="0.002"/>
  <testcase name="deveBuscarUsuariosPorTipo" classname="com.feira.conecta.service.UsuarioServiceTest" time="0.001"/>
  <testcase name="deveLancarExcecaoQuandoUsuarioNaoEncontrado" classname="com.feira.conecta.service.UsuarioServiceTest" time="0.001"/>
  <testcase name="deveDeletarUsuarioComSucesso" classname="com.feira.conecta.service.UsuarioServiceTest" time="0.002"/>
  <testcase name="deveLancarExcecaoAoDeletarUsuarioInexistente" classname="com.feira.conecta.service.UsuarioServiceTest" time="0.001"/>
  <testcase name="deveLancarExcecaoAoAtualizarComTelefoneDeOutroUsuario" classname="com.feira.conecta.service.UsuarioServiceTest" time="0.001"/>
  <testcase name="deveBuscarUsuarioPorIdComSucesso" classname="com.feira.conecta.service.UsuarioServiceTest" time="0.001"/>
  <testcase name="deveListarTodosOsUsuarios" classname="com.feira.conecta.service.UsuarioServiceTest" time="0.001"/>
  <testcase name="deveLancarExcecaoQuandoTelefoneJaCadastrado" classname="com.feira.conecta.service.UsuarioServiceTest" time="0.001"/>
</testsuite>